2016-01-22 23:04:21,923 INFO  [org.jboss.modules] (main) JBoss Modules version 1.4.3.Final
2016-01-22 23:04:22,116 INFO  [org.jboss.msc] (main) JBoss MSC version 1.2.6.Final
2016-01-22 23:04:22,191 INFO  [org.jboss.as] (MSC service thread 1-8) WFLYSRV0049: Infinispan Server 8.0.1.Final (WildFly Core 1.0.1.Final) starting
2016-01-22 23:04:22,193 DEBUG [org.jboss.as.config] (MSC service thread 1-8) Configured system properties:
	awt.toolkit = sun.awt.X11.XToolkit
	file.encoding = UTF-8
	file.encoding.pkg = sun.io
	file.separator = /
	java.awt.graphicsenv = sun.awt.X11GraphicsEnvironment
	java.awt.printerjob = sun.print.PSPrinterJob
	java.class.path = /home/valdar/projects/infinispan-arquillian-testing/ejb/target/infinispan-server-8.0.1.Final/jboss-modules.jar
	java.class.version = 52.0
	java.endorsed.dirs = /usr/lib/jvm/java-1.8.0-openjdk-1.8.0.45.x86_64/jre/lib/endorsed
	java.ext.dirs = /usr/lib/jvm/java-1.8.0-openjdk-1.8.0.45.x86_64/jre/lib/ext:/usr/java/packages/lib/ext
	java.home = /usr/lib/jvm/java-1.8.0-openjdk-1.8.0.45.x86_64/jre
	java.io.tmpdir = /tmp
	java.library.path = /home/valdar/bin/idea-IU-143.1184.17/bin::/usr/java/packages/lib/amd64:/usr/lib64:/lib64:/lib:/usr/lib
	java.runtime.name = OpenJDK Runtime Environment
	java.runtime.version = 1.8.0_45-b14
	java.specification.name = Java Platform API Specification
	java.specification.vendor = Oracle Corporation
	java.specification.version = 1.8
	java.util.logging.manager = org.jboss.logmanager.LogManager
	java.vendor = Oracle Corporation
	java.vendor.url = http://java.oracle.com/
	java.vendor.url.bug = http://bugreport.sun.com/bugreport/
	java.version = 1.8.0_45
	java.vm.info = mixed mode
	java.vm.name = OpenJDK 64-Bit Server VM
	java.vm.specification.name = Java Virtual Machine Specification
	java.vm.specification.vendor = Oracle Corporation
	java.vm.specification.version = 1.8
	java.vm.vendor = Oracle Corporation
	java.vm.version = 25.45-b02
	javax.management.builder.initial = org.jboss.as.jmx.PluggableMBeanServerBuilder
	javax.xml.datatype.DatatypeFactory = __redirected.__DatatypeFactory
	javax.xml.parsers.DocumentBuilderFactory = __redirected.__DocumentBuilderFactory
	javax.xml.parsers.SAXParserFactory = __redirected.__SAXParserFactory
	javax.xml.stream.XMLEventFactory = __redirected.__XMLEventFactory
	javax.xml.stream.XMLInputFactory = __redirected.__XMLInputFactory
	javax.xml.stream.XMLOutputFactory = __redirected.__XMLOutputFactory
	javax.xml.transform.TransformerFactory = __redirected.__TransformerFactory
	javax.xml.validation.SchemaFactory:http://www.w3.org/2001/XMLSchema = __redirected.__SchemaFactory
	javax.xml.xpath.XPathFactory:http://java.sun.com/jaxp/xpath/dom = __redirected.__XPathFactory
	jboss.bundles.dir = target/infinispan-server-8.0.1.Final/bundles
	jboss.home.dir = /home/valdar/projects/infinispan-arquillian-testing/ejb/target/infinispan-server-8.0.1.Final
	jboss.host.name = valdar
	jboss.modules.dir = /home/valdar/projects/infinispan-arquillian-testing/ejb/target/infinispan-server-8.0.1.Final/modules
	jboss.node.name = nodeA
	jboss.qualified.host.name = valdar
	jboss.server.base.dir = /home/valdar/projects/infinispan-arquillian-testing/ejb/target/infinispan-server-8.0.1.Final/standalone
	jboss.server.config.dir = /home/valdar/projects/infinispan-arquillian-testing/ejb/target/infinispan-server-8.0.1.Final/standalone/configuration
	jboss.server.data.dir = /home/valdar/projects/infinispan-arquillian-testing/ejb/target/infinispan-server-8.0.1.Final/standalone/data
	jboss.server.deploy.dir = /home/valdar/projects/infinispan-arquillian-testing/ejb/target/infinispan-server-8.0.1.Final/standalone/data/content
	jboss.server.log.dir = /home/valdar/projects/infinispan-arquillian-testing/ejb/target/infinispan-server-8.0.1.Final/standalone/log
	jboss.server.name = valdar
	jboss.server.persist.config = true
	jboss.server.temp.dir = /home/valdar/projects/infinispan-arquillian-testing/ejb/target/infinispan-server-8.0.1.Final/standalone/tmp
	jboss.socket.binding.port-offset = 100
	line.separator = 

	logging.configuration = file:/home/valdar/projects/infinispan-arquillian-testing/ejb/target/infinispan-server-8.0.1.Final/standalone/configuration/logging.properties
	module.path = target/infinispan-server-8.0.1.Final/modules
	org.jboss.boot.log.file = /home/valdar/projects/infinispan-arquillian-testing/ejb/target/infinispan-server-8.0.1.Final/standalone/log/server.log
	org.jboss.resolver.warning = true
	org.xml.sax.driver = __redirected.__XMLReaderFactory
	os.arch = amd64
	os.name = Linux
	os.version = 3.19.8-100.fc20.x86_64
	path.separator = :
	sun.arch.data.model = 64
	sun.boot.class.path = /usr/lib/jvm/java-1.8.0-openjdk-1.8.0.45.x86_64/jre/lib/resources.jar:/usr/lib/jvm/java-1.8.0-openjdk-1.8.0.45.x86_64/jre/lib/rt.jar:/usr/lib/jvm/java-1.8.0-openjdk-1.8.0.45.x86_64/jre/lib/sunrsasign.jar:/usr/lib/jvm/java-1.8.0-openjdk-1.8.0.45.x86_64/jre/lib/jsse.jar:/usr/lib/jvm/java-1.8.0-openjdk-1.8.0.45.x86_64/jre/lib/jce.jar:/usr/lib/jvm/java-1.8.0-openjdk-1.8.0.45.x86_64/jre/lib/charsets.jar:/usr/lib/jvm/java-1.8.0-openjdk-1.8.0.45.x86_64/jre/lib/jfr.jar:/usr/lib/jvm/java-1.8.0-openjdk-1.8.0.45.x86_64/jre/classes
	sun.boot.library.path = /usr/lib/jvm/java-1.8.0-openjdk-1.8.0.45.x86_64/jre/lib/amd64
	sun.cpu.endian = little
	sun.cpu.isalist = 
	sun.desktop = gnome
	sun.io.unicode.encoding = UnicodeLittle
	sun.java.command = /home/valdar/projects/infinispan-arquillian-testing/ejb/target/infinispan-server-8.0.1.Final/jboss-modules.jar -mp target/infinispan-server-8.0.1.Final/modules org.jboss.as.standalone -server-config standalone.xml
	sun.java.launcher = SUN_STANDARD
	sun.jnu.encoding = UTF-8
	sun.management.compiler = HotSpot 64-Bit Tiered Compilers
	sun.os.patch.level = unknown
	user.country = GB
	user.dir = /home/valdar/projects/infinispan-arquillian-testing/ejb
	user.home = /home/valdar
	user.language = en
	user.name = valdar
	user.timezone = Europe/London
2016-01-22 23:04:22,194 DEBUG [org.jboss.as.config] (MSC service thread 1-8) VM Arguments: -Djboss.socket.binding.port-offset=100 -Djboss.node.name=nodeA -ea -Djboss.home.dir=target/infinispan-server-8.0.1.Final -Dorg.jboss.boot.log.file=/home/valdar/projects/infinispan-arquillian-testing/ejb/target/infinispan-server-8.0.1.Final/standalone/log/server.log -Dlogging.configuration=file:/home/valdar/projects/infinispan-arquillian-testing/ejb/target/infinispan-server-8.0.1.Final/standalone/configuration/logging.properties -Djboss.bundles.dir=target/infinispan-server-8.0.1.Final/bundles 
2016-01-22 23:04:23,163 INFO  [org.jboss.as.controller.management-deprecated] (ServerService Thread Pool -- 3) WFLYCTL0028: Attribute 'enabled' in the resource at address '/subsystem=datasources/data-source=ExampleDS' is deprecated, and may be removed in future version. See the attribute description in the output of the read-resource-description operation to learn more about the deprecation.
2016-01-22 23:04:23,202 INFO  [org.jboss.as.server] (Controller Boot Thread) WFLYSRV0039: Creating http management service using socket-binding (management-http)
2016-01-22 23:04:23,227 INFO  [org.xnio] (MSC service thread 1-5) XNIO version 3.3.1.Final
2016-01-22 23:04:23,243 INFO  [org.xnio.nio] (MSC service thread 1-5) XNIO NIO Implementation Version 3.3.1.Final
2016-01-22 23:04:23,273 INFO  [org.wildfly.extension.io] (ServerService Thread Pool -- 19) WFLYIO001: Worker 'default' has auto-configured to 8 core threads with 64 task threads based on your 4 available processors
2016-01-22 23:04:23,279 INFO  [org.jboss.as.clustering.infinispan] (ServerService Thread Pool -- 20) Activating Infinispan subsystem.
2016-01-22 23:04:23,304 INFO  [org.jboss.as.naming] (ServerService Thread Pool -- 25) WFLYNAM0001: Activating Naming Subsystem
2016-01-22 23:04:23,316 INFO  [org.jboss.as.security] (ServerService Thread Pool -- 27) WFLYSEC0002: Activating Security Subsystem
2016-01-22 23:04:23,318 INFO  [org.jboss.as.security] (MSC service thread 1-1) WFLYSEC0001: Current PicketBox version=4.9.2.Final
2016-01-22 23:04:23,320 INFO  [org.jboss.as.connector.subsystems.datasources] (ServerService Thread Pool -- 18) WFLYJCA0004: Deploying JDBC-compliant driver class org.h2.Driver (version 1.3)
2016-01-22 23:04:23,333 WARN  [org.jboss.as.txn] (ServerService Thread Pool -- 29) WFLYTX0013: Node identifier property is set to the default value. Please make sure it is unique.
2016-01-22 23:04:23,335 INFO  [org.jboss.remoting] (MSC service thread 1-5) JBoss Remoting version 4.0.9.Final
2016-01-22 23:04:23,339 INFO  [org.jboss.as.connector] (MSC service thread 1-7) WFLYJCA0009: Starting JCA Subsystem (IronJacamar 1.2.4.Final)
2016-01-22 23:04:23,341 INFO  [org.jboss.as.naming] (MSC service thread 1-8) WFLYNAM0003: Starting Naming Service
2016-01-22 23:04:23,346 INFO  [org.jboss.as.connector.deployers.jdbc] (MSC service thread 1-8) WFLYJCA0018: Started Driver service with driver-name = h2
2016-01-22 23:04:23,837 INFO  [org.jboss.as.connector.subsystems.datasources] (MSC service thread 1-8) WFLYJCA0001: Bound data source [java:jboss/datasources/ExampleDS]
2016-01-22 23:04:23,851 INFO  [org.jboss.as.server.deployment.scanner] (MSC service thread 1-4) WFLYDS0013: Started FileSystemDeploymentService for directory /home/valdar/projects/infinispan-arquillian-testing/ejb/target/infinispan-server-8.0.1.Final/standalone/deployments
2016-01-22 23:04:24,049 INFO  [org.infinispan.server.endpoint] (MSC service thread 1-8) DGENDPT10000: REST starting
2016-01-22 23:04:24,185 INFO  [org.infinispan.factories.GlobalComponentRegistry] (MSC service thread 1-7) ISPN000128: Infinispan version: Infinispan 'Infinite Darkness' 8.0.1.Final
2016-01-22 23:04:24,534 INFO  [org.jboss.as.clustering.infinispan] (MSC service thread 1-6) DGISPN0001: Started ___protobuf_metadata cache from local container
2016-01-22 23:04:24,539 INFO  [org.infinispan.expiration.impl.ExpirationManagerImpl] (MSC service thread 1-3) ISPN000025: wakeUpInterval is <= 0, not starting expired purge thread
2016-01-22 23:04:24,539 INFO  [org.infinispan.expiration.impl.ExpirationManagerImpl] (MSC service thread 1-6) ISPN000025: wakeUpInterval is <= 0, not starting expired purge thread
2016-01-22 23:04:24,540 INFO  [org.jboss.as.clustering.infinispan] (MSC service thread 1-3) DGISPN0001: Started namedCache cache from local container
2016-01-22 23:04:24,540 INFO  [org.jboss.as.clustering.infinispan] (MSC service thread 1-6) DGISPN0001: Started memcachedCache cache from local container
2016-01-22 23:04:24,543 INFO  [org.infinispan.expiration.impl.ExpirationManagerImpl] (MSC service thread 1-7) ISPN000025: wakeUpInterval is <= 0, not starting expired purge thread
2016-01-22 23:04:24,544 INFO  [org.jboss.as.clustering.infinispan] (MSC service thread 1-7) DGISPN0001: Started default cache from local container
2016-01-22 23:04:24,550 INFO  [org.infinispan.server.endpoint] (MSC service thread 1-1) DGENDPT10000: WebSocketServer starting
2016-01-22 23:04:24,552 INFO  [org.infinispan.server.endpoint] (MSC service thread 1-1) DGENDPT10001: WebSocketServer listening on 127.0.0.1:8281
2016-01-22 23:04:24,552 INFO  [org.infinispan.server.endpoint] (MSC service thread 1-2) DGENDPT10000: MemcachedServer starting
2016-01-22 23:04:24,553 INFO  [org.infinispan.server.endpoint] (MSC service thread 1-2) DGENDPT10001: MemcachedServer listening on 127.0.0.1:11311
2016-01-22 23:04:24,553 INFO  [org.infinispan.server.endpoint] (MSC service thread 1-4) DGENDPT10000: HotRodServer starting
2016-01-22 23:04:24,553 INFO  [org.infinispan.server.endpoint] (MSC service thread 1-4) DGENDPT10001: HotRodServer listening on 127.0.0.1:11322
2016-01-22 23:04:24,623 INFO  [org.jboss.as.clustering.infinispan] (MSC service thread 1-4) DGISPN0001: Started ___script_cache cache from local container
2016-01-22 23:04:24,928 INFO  [org.infinispan.rest.NettyRestServer] (MSC service thread 1-8) ISPN012003: REST server starting, listening on 127.0.0.1:8180
2016-01-22 23:04:24,928 INFO  [org.infinispan.server.endpoint] (MSC service thread 1-8) DGENDPT10002: REST mapped to /rest
2016-01-22 23:04:25,705 INFO  [org.jboss.as] (Controller Boot Thread) WFLYSRV0060: Http management interface listening on http://127.0.0.1:10090/management
2016-01-22 23:04:25,705 INFO  [org.jboss.as] (Controller Boot Thread) WFLYSRV0051: Admin console listening on http://127.0.0.1:10090
2016-01-22 23:04:25,706 INFO  [org.jboss.as] (Controller Boot Thread) WFLYSRV0025: Infinispan Server 8.0.1.Final (WildFly Core 1.0.1.Final) started in 4266ms - Started 147 of 164 services (52 services are lazy, passive or on-demand)
2016-01-22 23:04:42,095 INFO  [org.jboss.as.server] (management-handler-thread - 2) WFLYSRV0211: Suspending server
2016-01-22 23:04:42,105 INFO  [org.jboss.as.server] (Thread-2) WFLYSRV0220: Server shutdown has been requested.
2016-01-22 23:04:42,123 INFO  [org.jboss.as.connector.subsystems.datasources] (MSC service thread 1-8) WFLYJCA0010: Unbound data source [java:jboss/datasources/ExampleDS]
2016-01-22 23:04:42,126 INFO  [org.jboss.as.clustering.infinispan] (MSC service thread 1-2) DGISPN0002: Stopped namedCache cache from local container
2016-01-22 23:04:42,133 INFO  [org.jboss.as.connector.deployers.jdbc] (MSC service thread 1-2) WFLYJCA0019: Stopped Driver service with driver-name = h2
2016-01-22 23:04:42,296 INFO  [org.jboss.as.clustering.infinispan] (MSC service thread 1-6) DGISPN0002: Stopped memcachedCache cache from local container
2016-01-22 23:04:42,297 INFO  [org.jboss.as.clustering.infinispan] (MSC service thread 1-3) DGISPN0002: Stopped default cache from local container
2016-01-22 23:04:42,301 INFO  [org.jboss.as.clustering.infinispan] (MSC service thread 1-3) DGISPN0002: Stopped ___protobuf_metadata cache from local container
2016-01-22 23:04:42,303 INFO  [org.jboss.as.clustering.infinispan] (MSC service thread 1-3) DGISPN0002: Stopped ___script_cache cache from local container
2016-01-22 23:04:42,313 INFO  [org.jboss.as] (MSC service thread 1-6) WFLYSRV0050: Infinispan Server 8.0.1.Final (WildFly Core 1.0.1.Final) stopped in 202ms
