2016-01-22 23:04:28,236 INFO  [org.jboss.modules] (main) JBoss Modules version 1.3.3.Final
2016-01-22 23:04:28,428 INFO  [org.jboss.msc] (main) JBoss MSC version 1.2.2.Final
2016-01-22 23:04:28,494 INFO  [org.jboss.as] (MSC service thread 1-5) JBAS015899: WildFly 8.1.0.Final "Kenny" starting
2016-01-22 23:04:28,500 DEBUG [org.jboss.as.config] (MSC service thread 1-5) Configured system properties:
	JDG_PROTOCAL_VERSION = 2.2
	JDG_SERVERLIST = 127.0.0.1:11322
	SEARCHDEAL_CACHE_NAME = default
	awt.toolkit = sun.awt.X11.XToolkit
	file.encoding = UTF-8
	file.encoding.pkg = sun.io
	file.separator = /
	java.awt.graphicsenv = sun.awt.X11GraphicsEnvironment
	java.awt.printerjob = sun.print.PSPrinterJob
	java.class.path = /home/valdar/projects/infinispan-arquillian-testing/ejb/target/wildfly-8.1.0.Final/jboss-modules.jar
	java.class.version = 52.0
	java.endorsed.dirs = /usr/lib/jvm/java-1.8.0-openjdk-1.8.0.45.x86_64/jre/lib/endorsed
	java.ext.dirs = /usr/lib/jvm/java-1.8.0-openjdk-1.8.0.45.x86_64/jre/lib/ext:/usr/java/packages/lib/ext
	java.home = /usr/lib/jvm/java-1.8.0-openjdk-1.8.0.45.x86_64/jre
	java.io.tmpdir = /tmp
	java.library.path = /home/valdar/bin/idea-IU-143.1184.17/bin::/usr/java/packages/lib/amd64:/usr/lib64:/lib64:/lib:/usr/lib
	java.runtime.name = OpenJDK Runtime Environment
	java.runtime.version = 1.8.0_45-b14
	java.specification.name = Java Platform API Specification
	java.specification.vendor = Oracle Corporation
	java.specification.version = 1.8
	java.util.logging.manager = org.jboss.logmanager.LogManager
	java.vendor = Oracle Corporation
	java.vendor.url = http://java.oracle.com/
	java.vendor.url.bug = http://bugreport.sun.com/bugreport/
	java.version = 1.8.0_45
	java.vm.info = mixed mode
	java.vm.name = OpenJDK 64-Bit Server VM
	java.vm.specification.name = Java Virtual Machine Specification
	java.vm.specification.vendor = Oracle Corporation
	java.vm.specification.version = 1.8
	java.vm.vendor = Oracle Corporation
	java.vm.version = 25.45-b02
	javax.management.builder.initial = org.jboss.as.jmx.PluggableMBeanServerBuilder
	javax.xml.datatype.DatatypeFactory = __redirected.__DatatypeFactory
	javax.xml.parsers.DocumentBuilderFactory = __redirected.__DocumentBuilderFactory
	javax.xml.parsers.SAXParserFactory = __redirected.__SAXParserFactory
	javax.xml.stream.XMLEventFactory = __redirected.__XMLEventFactory
	javax.xml.stream.XMLInputFactory = __redirected.__XMLInputFactory
	javax.xml.stream.XMLOutputFactory = __redirected.__XMLOutputFactory
	javax.xml.transform.TransformerFactory = __redirected.__TransformerFactory
	javax.xml.validation.SchemaFactory:http://www.w3.org/2001/XMLSchema = __redirected.__SchemaFactory
	javax.xml.xpath.XPathFactory:http://java.sun.com/jaxp/xpath/dom = __redirected.__XPathFactory
	jboss.bundles.dir = target/wildfly-8.1.0.Final/bundles
	jboss.home.dir = /home/valdar/projects/infinispan-arquillian-testing/ejb/target/wildfly-8.1.0.Final
	jboss.host.name = valdar
	jboss.modules.dir = /home/valdar/projects/infinispan-arquillian-testing/ejb/target/wildfly-8.1.0.Final/modules
	jboss.node.name = valdar
	jboss.qualified.host.name = valdar
	jboss.server.base.dir = /home/valdar/projects/infinispan-arquillian-testing/ejb/target/wildfly-8.1.0.Final/standalone
	jboss.server.config.dir = /home/valdar/projects/infinispan-arquillian-testing/ejb/target/wildfly-8.1.0.Final/standalone/configuration
	jboss.server.data.dir = /home/valdar/projects/infinispan-arquillian-testing/ejb/target/wildfly-8.1.0.Final/standalone/data
	jboss.server.deploy.dir = /home/valdar/projects/infinispan-arquillian-testing/ejb/target/wildfly-8.1.0.Final/standalone/data/content
	jboss.server.log.dir = /home/valdar/projects/infinispan-arquillian-testing/ejb/target/wildfly-8.1.0.Final/standalone/log
	jboss.server.name = valdar
	jboss.server.persist.config = true
	jboss.server.temp.dir = /home/valdar/projects/infinispan-arquillian-testing/ejb/target/wildfly-8.1.0.Final/standalone/tmp
	jboss.socket.binding.port-offset = 200
	line.separator = 

	logging.configuration = file:/home/valdar/projects/infinispan-arquillian-testing/ejb/target/wildfly-8.1.0.Final/standalone/configuration/logging.properties
	module.path = target/wildfly-8.1.0.Final/modules
	org.jboss.boot.log.file = /home/valdar/projects/infinispan-arquillian-testing/ejb/target/wildfly-8.1.0.Final/standalone/log/server.log
	org.jboss.resolver.warning = true
	org.xml.sax.driver = __redirected.__XMLReaderFactory
	os.arch = amd64
	os.name = Linux
	os.version = 3.19.8-100.fc20.x86_64
	path.separator = :
	sun.arch.data.model = 64
	sun.boot.class.path = /usr/lib/jvm/java-1.8.0-openjdk-1.8.0.45.x86_64/jre/lib/resources.jar:/usr/lib/jvm/java-1.8.0-openjdk-1.8.0.45.x86_64/jre/lib/rt.jar:/usr/lib/jvm/java-1.8.0-openjdk-1.8.0.45.x86_64/jre/lib/sunrsasign.jar:/usr/lib/jvm/java-1.8.0-openjdk-1.8.0.45.x86_64/jre/lib/jsse.jar:/usr/lib/jvm/java-1.8.0-openjdk-1.8.0.45.x86_64/jre/lib/jce.jar:/usr/lib/jvm/java-1.8.0-openjdk-1.8.0.45.x86_64/jre/lib/charsets.jar:/usr/lib/jvm/java-1.8.0-openjdk-1.8.0.45.x86_64/jre/lib/jfr.jar:/usr/lib/jvm/java-1.8.0-openjdk-1.8.0.45.x86_64/jre/classes
	sun.boot.library.path = /usr/lib/jvm/java-1.8.0-openjdk-1.8.0.45.x86_64/jre/lib/amd64
	sun.cpu.endian = little
	sun.cpu.isalist = 
	sun.desktop = gnome
	sun.io.unicode.encoding = UnicodeLittle
	sun.java.command = /home/valdar/projects/infinispan-arquillian-testing/ejb/target/wildfly-8.1.0.Final/jboss-modules.jar -mp target/wildfly-8.1.0.Final/modules org.jboss.as.standalone -server-config standalone.xml
	sun.java.launcher = SUN_STANDARD
	sun.jnu.encoding = UTF-8
	sun.management.compiler = HotSpot 64-Bit Tiered Compilers
	sun.os.patch.level = unknown
	user.country = GB
	user.dir = /home/valdar/projects/infinispan-arquillian-testing/ejb
	user.home = /home/valdar
	user.language = en
	user.name = valdar
	user.timezone = Europe/London
2016-01-22 23:04:28,501 DEBUG [org.jboss.as.config] (MSC service thread 1-5) VM Arguments: -Djboss.socket.binding.port-offset=200 -DJDG_SERVERLIST=127.0.0.1:11322 -DSEARCHDEAL_CACHE_NAME=default -DJDG_PROTOCAL_VERSION=2.2 -ea -Djboss.home.dir=target/wildfly-8.1.0.Final -Dorg.jboss.boot.log.file=/home/valdar/projects/infinispan-arquillian-testing/ejb/target/wildfly-8.1.0.Final/standalone/log/server.log -Dlogging.configuration=file:/home/valdar/projects/infinispan-arquillian-testing/ejb/target/wildfly-8.1.0.Final/standalone/configuration/logging.properties -Djboss.bundles.dir=target/wildfly-8.1.0.Final/bundles 
2016-01-22 23:04:29,633 INFO  [org.jboss.as.server] (Controller Boot Thread) JBAS015888: Creating http management service using socket-binding (management-http)
2016-01-22 23:04:29,653 INFO  [org.xnio] (MSC service thread 1-7) XNIO version 3.2.2.Final
2016-01-22 23:04:29,662 INFO  [org.xnio.nio] (MSC service thread 1-7) XNIO NIO Implementation Version 3.2.2.Final
2016-01-22 23:04:29,705 INFO  [org.jboss.as.clustering.infinispan] (ServerService Thread Pool -- 32) JBAS010280: Activating Infinispan subsystem.
2016-01-22 23:04:29,712 INFO  [org.wildfly.extension.io] (ServerService Thread Pool -- 31) WFLYIO001: Worker 'default' has auto-configured to 8 core threads with 64 task threads based on your 4 available processors
2016-01-22 23:04:29,736 INFO  [org.jboss.as.jsf] (ServerService Thread Pool -- 38) JBAS012615: Activated the following JSF Implementations: [main]
2016-01-22 23:04:29,790 INFO  [org.jboss.as.naming] (ServerService Thread Pool -- 40) JBAS011800: Activating Naming Subsystem
2016-01-22 23:04:29,791 INFO  [org.jboss.remoting] (MSC service thread 1-7) JBoss Remoting version 4.0.3.Final
2016-01-22 23:04:29,793 INFO  [org.jboss.as.security] (ServerService Thread Pool -- 45) JBAS013171: Activating Security Subsystem
2016-01-22 23:04:29,796 INFO  [org.jboss.as.webservices] (ServerService Thread Pool -- 48) JBAS015537: Activating WebServices Extension
2016-01-22 23:04:29,809 INFO  [org.jboss.as.security] (MSC service thread 1-8) JBAS013170: Current PicketBox version=4.0.21.Beta1
2016-01-22 23:04:29,810 WARN  [org.jboss.as.txn] (ServerService Thread Pool -- 46) JBAS010153: Node identifier property is set to the default value. Please make sure it is unique.
2016-01-22 23:04:29,850 INFO  [org.wildfly.extension.undertow] (MSC service thread 1-2) JBAS017502: Undertow 1.0.15.Final starting
2016-01-22 23:04:29,852 INFO  [org.jboss.as.connector.logging] (MSC service thread 1-1) JBAS010408: Starting JCA Subsystem (IronJacamar 1.1.5.Final)
2016-01-22 23:04:29,853 INFO  [org.wildfly.extension.undertow] (ServerService Thread Pool -- 47) JBAS017502: Undertow 1.0.15.Final starting
2016-01-22 23:04:29,856 INFO  [org.jboss.as.naming] (MSC service thread 1-3) JBAS011802: Starting Naming Service
2016-01-22 23:04:29,859 INFO  [org.jboss.as.connector.subsystems.datasources] (ServerService Thread Pool -- 27) JBAS010403: Deploying JDBC-compliant driver class org.h2.Driver (version 1.3)
2016-01-22 23:04:29,866 INFO  [org.jboss.as.mail.extension] (MSC service thread 1-3) JBAS015400: Bound mail session [java:jboss/mail/Default]
2016-01-22 23:04:29,876 INFO  [org.jboss.as.connector.deployers.jdbc] (MSC service thread 1-2) JBAS010417: Started Driver service with driver-name = h2
2016-01-22 23:04:30,165 INFO  [org.wildfly.extension.undertow] (ServerService Thread Pool -- 47) JBAS017527: Creating file handler for path /home/valdar/projects/infinispan-arquillian-testing/ejb/target/wildfly-8.1.0.Final/welcome-content
2016-01-22 23:04:30,183 INFO  [org.wildfly.extension.undertow] (MSC service thread 1-3) JBAS017525: Started server default-server.
2016-01-22 23:04:30,187 INFO  [org.wildfly.extension.undertow] (MSC service thread 1-8) JBAS017531: Host default-host starting
2016-01-22 23:04:30,290 INFO  [org.wildfly.extension.undertow] (MSC service thread 1-3) JBAS017519: Undertow HTTP listener default listening on /127.0.0.1:8280
2016-01-22 23:04:30,453 INFO  [org.jboss.as.connector.subsystems.datasources] (MSC service thread 1-8) JBAS010400: Bound data source [java:jboss/datasources/ExampleDS]
2016-01-22 23:04:30,453 INFO  [org.jboss.as.server.deployment.scanner] (MSC service thread 1-1) JBAS015012: Started FileSystemDeploymentService for directory /home/valdar/projects/infinispan-arquillian-testing/ejb/target/wildfly-8.1.0.Final/standalone/deployments
2016-01-22 23:04:30,664 INFO  [org.jboss.ws.common.management] (MSC service thread 1-4) JBWS022052: Starting JBoss Web Services - Stack CXF Server 4.2.4.Final
2016-01-22 23:04:30,726 INFO  [org.jboss.as] (Controller Boot Thread) JBAS015961: Http management interface listening on http://127.0.0.1:10190/management
2016-01-22 23:04:30,727 INFO  [org.jboss.as] (Controller Boot Thread) JBAS015951: Admin console listening on http://127.0.0.1:10190
2016-01-22 23:04:30,727 INFO  [org.jboss.as] (Controller Boot Thread) JBAS015874: WildFly 8.1.0.Final "Kenny" started in 2749ms - Started 184 of 233 services (81 services are lazy, passive or on-demand)
2016-01-22 23:04:36,499 INFO  [org.jboss.as.repository] (management-handler-thread - 2) JBAS014900: Content added at location /home/valdar/projects/infinispan-arquillian-testing/ejb/target/wildfly-8.1.0.Final/standalone/data/content/c3/8bd216637c27fb69ae1625715133d41aa9f21e/content
2016-01-22 23:04:36,513 INFO  [org.jboss.as.server.deployment] (MSC service thread 1-8) JBAS015876: Starting deployment of "iat.ear" (runtime-name: "iat.ear")
2016-01-22 23:04:38,490 INFO  [org.jboss.as.server.deployment] (MSC service thread 1-8) JBAS015973: Starting subdeployment (runtime-name: "test.war")
2016-01-22 23:04:38,491 INFO  [org.jboss.as.server.deployment] (MSC service thread 1-2) JBAS015973: Starting subdeployment (runtime-name: "ejb.jar")
2016-01-22 23:04:38,806 INFO  [org.jboss.weld.deployer] (MSC service thread 1-5) JBAS016002: Processing weld deployment iat.ear
2016-01-22 23:04:38,867 INFO  [org.hibernate.validator.internal.util.Version] (MSC service thread 1-5) HV000001: Hibernate Validator 5.1.0.Final
2016-01-22 23:04:38,989 INFO  [org.jboss.weld.deployer] (MSC service thread 1-5) JBAS016002: Processing weld deployment test.war
2016-01-22 23:04:38,999 INFO  [org.jboss.weld.deployer] (MSC service thread 1-1) JBAS016002: Processing weld deployment ejb.jar
2016-01-22 23:04:39,005 INFO  [org.jboss.as.ejb3.deployment.processors.EjbJndiBindingsDeploymentUnitProcessor] (MSC service thread 1-1) JNDI bindings for session bean named GridServiceImpl in deployment unit subdeployment "ejb.jar" of deployment "iat.ear" are as follows:

	java:global/iat/ejb/GridServiceImpl!com.github.valdar.iat.services.GridService
	java:app/ejb/GridServiceImpl!com.github.valdar.iat.services.GridService
	java:module/GridServiceImpl!com.github.valdar.iat.services.GridService
	java:global/iat/ejb/GridServiceImpl
	java:app/ejb/GridServiceImpl
	java:module/GridServiceImpl

2016-01-22 23:04:39,023 INFO  [org.jboss.weld.deployer] (MSC service thread 1-3) JBAS016005: Starting Services for CDI deployment: iat.ear
2016-01-22 23:04:39,065 INFO  [org.jboss.weld.Version] (MSC service thread 1-3) WELD-000900: 2.1.2 (Final)
2016-01-22 23:04:39,088 INFO  [org.jboss.weld.deployer] (MSC service thread 1-5) JBAS016008: Starting weld service for deployment iat.ear
2016-01-22 23:04:39,530 INFO  [org.jboss.weld.Bootstrap] (weld-worker-3) WELD-000119: Not generating any bean definitions from com.github.valdar.iat.TestUtils because of underlying class loading error: Type org.jboss.shrinkwrap.resolver.api.maven.PomEquippedResolveStage from [Module "deployment.iat.ear.ejb.jar:main" from Service Module Loader] not found.  If this is unexpected, enable DEBUG logging to see the full error.
2016-01-22 23:04:40,343 INFO  [org.wildfly.extension.undertow] (MSC service thread 1-3) JBAS017534: Registered web context: /test
2016-01-22 23:04:40,606 INFO  [org.infinispan.client.hotrod.RemoteCacheManager] (ServerService Thread Pool -- 23) ISPN004021: Infinispan version: 6.3.1.Final-redhat-1
2016-01-22 23:04:40,616 INFO  [org.infinispan.client.hotrod.RemoteCacheManager] (ServerService Thread Pool -- 23) ISPN004021: Infinispan version: 6.3.1.Final-redhat-1
2016-01-22 23:04:40,700 INFO  [org.jboss.as.server] (management-handler-thread - 2) JBAS018559: Deployed "iat.ear" (runtime-name : "iat.ear")
2016-01-22 23:04:41,950 INFO  [org.wildfly.extension.undertow] (MSC service thread 1-6) JBAS017535: Unregistered web context: /test
2016-01-22 23:04:41,970 INFO  [org.jboss.weld.deployer] (MSC service thread 1-1) JBAS016009: Stopping weld service for deployment iat.ear
2016-01-22 23:04:42,012 INFO  [org.jboss.as.server.deployment] (MSC service thread 1-7) JBAS015974: Stopped subdeployment (runtime-name: test.war) in 74ms
2016-01-22 23:04:42,012 INFO  [org.jboss.as.server.deployment] (MSC service thread 1-6) JBAS015974: Stopped subdeployment (runtime-name: ejb.jar) in 74ms
2016-01-22 23:04:42,025 INFO  [org.jboss.as.server.deployment] (MSC service thread 1-5) JBAS015877: Stopped deployment iat.ear (runtime-name: iat.ear) in 88ms
2016-01-22 23:04:42,078 INFO  [org.jboss.as.repository] (management-handler-thread - 2) JBAS014901: Content removed from location /home/valdar/projects/infinispan-arquillian-testing/ejb/target/wildfly-8.1.0.Final/standalone/data/content/c3/8bd216637c27fb69ae1625715133d41aa9f21e/content
2016-01-22 23:04:42,078 INFO  [org.jboss.as.server] (management-handler-thread - 2) JBAS018558: Undeployed "iat.ear" (runtime-name: "iat.ear")
2016-01-22 23:04:42,671 INFO  [org.jboss.as.connector.subsystems.datasources] (MSC service thread 1-5) JBAS010409: Unbound data source [java:jboss/datasources/ExampleDS]
2016-01-22 23:04:42,672 INFO  [org.wildfly.extension.undertow] (MSC service thread 1-5) JBAS017532: Host default-host stopping
2016-01-22 23:04:42,678 INFO  [org.jboss.as.connector.deployers.jdbc] (MSC service thread 1-6) JBAS010418: Stopped Driver service with driver-name = h2
2016-01-22 23:04:42,683 INFO  [org.wildfly.extension.undertow] (MSC service thread 1-6) JBAS017521: Undertow HTTP listener default suspending
2016-01-22 23:04:42,684 INFO  [org.wildfly.extension.undertow] (MSC service thread 1-6) JBAS017520: Undertow HTTP listener default stopped, was bound to /127.0.0.1:8280
2016-01-22 23:04:42,685 INFO  [org.wildfly.extension.undertow] (MSC service thread 1-4) JBAS017506: Undertow 1.0.15.Final stopping
2016-01-22 23:04:42,704 INFO  [org.jboss.as] (MSC service thread 1-4) JBAS015950: WildFly 8.1.0.Final "Kenny" stopped in 39ms
